[debug] [2025-08-03T10:37:37.492Z] ----------------------------------------------------------------------
[debug] [2025-08-03T10:37:37.498Z] Command:       C:\Program Files\nodejs\node.exe C:\Users\deepa.c.chauhan\AppData\Roaming\npm\node_modules\firebase-tools\lib\bin\firebase.js init
[debug] [2025-08-03T10:37:37.499Z] CLI Version:   14.11.2
[debug] [2025-08-03T10:37:37.500Z] Platform:      win32
[debug] [2025-08-03T10:37:37.500Z] Node Version:  v20.19.4
[debug] [2025-08-03T10:37:37.500Z] Time:          Sun Aug 03 2025 16:07:37 GMT+0530 (India Standard Time)
[debug] [2025-08-03T10:37:37.500Z] ----------------------------------------------------------------------
[debug] 
[debug] [2025-08-03T10:37:37.509Z] > command requires scopes: ["email","openid","https://www.googleapis.com/auth/cloudplatformprojects.readonly","https://www.googleapis.com/auth/firebase","https://www.googleapis.com/auth/cloud-platform"]
[debug] [2025-08-03T10:37:37.510Z] > authorizing via signed-in user (yaswanthwork56@gmail.com)
[info] 
     ######## #### ########  ######## ########     ###     ######  ########
     ##        ##  ##     ## ##       ##     ##  ##   ##  ##       ##
     ######    ##  ########  ######   ########  #########  ######  ######
     ##        ##  ##    ##  ##       ##     ## ##     ##       ## ##
     ##       #### ##     ## ######## ########  ##     ##  ######  ########

You're about to initialize a Firebase project in this directory:

  C:\Deepa\home-decor-shop

Before we get started, keep in mind:

  * You are currently outside your home directory

